<testsuites>
<testsuite name="par" tests="23" assertions="241" failures="0" errors="0" time="31.456907">
<testsuite name="Drupal\Tests\par_data\Kernel\Entity\EntityParAuthorityTest" file="/var/www/html/web/modules/custom/par_data/tests/src/Kernel/Entity/EntityParAuthorityTest.php" tests="4" assertions="63" failures="0" errors="0" time="8.846200">
<testcase name="testEntityValidate" class="Drupal\Tests\par_data\Kernel\Entity\EntityParAuthorityTest" file="/var/www/html/web/modules/custom/par_data/tests/src/Kernel/Entity/EntityParAuthorityTest.php" line="21" assertions="15" time="2.159687"/>
<testcase name="testRequiredFields" class="Drupal\Tests\par_data\Kernel\Entity\EntityParAuthorityTest" file="/var/www/html/web/modules/custom/par_data/tests/src/Kernel/Entity/EntityParAuthorityTest.php" line="33" assertions="16" time="2.190890"/>
<testcase name="testRequiredLengthFields" class="Drupal\Tests\par_data\Kernel\Entity\EntityParAuthorityTest" file="/var/www/html/web/modules/custom/par_data/tests/src/Kernel/Entity/EntityParAuthorityTest.php" line="67" assertions="17" time="2.275547"/>
<testcase name="testEntityCreate" class="Drupal\Tests\par_data\Kernel\Entity\EntityParAuthorityTest" file="/var/www/html/web/modules/custom/par_data/tests/src/Kernel/Entity/EntityParAuthorityTest.php" line="96" assertions="15" time="2.220076"/>
</testsuite>
<testsuite name="Drupal\Tests\par_data\Kernel\Entity\EntityParOrganisationTest" file="/var/www/html/web/modules/custom/par_data/tests/src/Kernel/Entity/EntityParOrganisationTest.php" tests="3" assertions="47" failures="0" errors="0" time="6.630983">
<testcase name="testEntityValidate" class="Drupal\Tests\par_data\Kernel\Entity\EntityParOrganisationTest" file="/var/www/html/web/modules/custom/par_data/tests/src/Kernel/Entity/EntityParOrganisationTest.php" line="19" assertions="15" time="2.334681"/>
<testcase name="testRequiredLengthFields" class="Drupal\Tests\par_data\Kernel\Entity\EntityParOrganisationTest" file="/var/www/html/web/modules/custom/par_data/tests/src/Kernel/Entity/EntityParOrganisationTest.php" line="31" assertions="17" time="2.160424"/>
<testcase name="testEntityCreate" class="Drupal\Tests\par_data\Kernel\Entity\EntityParOrganisationTest" file="/var/www/html/web/modules/custom/par_data/tests/src/Kernel/Entity/EntityParOrganisationTest.php" line="65" assertions="15" time="2.135878"/>
</testsuite>
<testsuite name="Drupal\Tests\par_data\Kernel\Entity\EntityParPartnershipTest" file="/var/www/html/web/modules/custom/par_data/tests/src/Kernel/Entity/EntityParPartnershipTest.php" tests="4" assertions="64" failures="0" errors="0" time="9.083703">
<testcase name="testEntityValidate" class="Drupal\Tests\par_data\Kernel\Entity\EntityParPartnershipTest" file="/var/www/html/web/modules/custom/par_data/tests/src/Kernel/Entity/EntityParPartnershipTest.php" line="19" assertions="15" time="2.252185"/>
<testcase name="testRequiredFields" class="Drupal\Tests\par_data\Kernel\Entity\EntityParPartnershipTest" file="/var/www/html/web/modules/custom/par_data/tests/src/Kernel/Entity/EntityParPartnershipTest.php" line="29" assertions="16" time="2.139804"/>
<testcase name="testRequiredLengthFields" class="Drupal\Tests\par_data\Kernel\Entity\EntityParPartnershipTest" file="/var/www/html/web/modules/custom/par_data/tests/src/Kernel/Entity/EntityParPartnershipTest.php" line="63" assertions="18" time="2.161713"/>
<testcase name="testEntityCreate" class="Drupal\Tests\par_data\Kernel\Entity\EntityParPartnershipTest" file="/var/www/html/web/modules/custom/par_data/tests/src/Kernel/Entity/EntityParPartnershipTest.php" line="116" assertions="15" time="2.530001"/>
</testsuite>
<testsuite name="Drupal\Tests\par_data\Kernel\Entity\EntityParPersonTest" file="/var/www/html/web/modules/custom/par_data/tests/src/Kernel/Entity/EntityParPersonTest.php" tests="3" assertions="47" failures="0" errors="0" time="6.877402">
<testcase name="testEntityValidate" class="Drupal\Tests\par_data\Kernel\Entity\EntityParPersonTest" file="/var/www/html/web/modules/custom/par_data/tests/src/Kernel/Entity/EntityParPersonTest.php" line="19" assertions="15" time="2.247861"/>
<testcase name="testRequiredLengthFields" class="Drupal\Tests\par_data\Kernel\Entity\EntityParPersonTest" file="/var/www/html/web/modules/custom/par_data/tests/src/Kernel/Entity/EntityParPersonTest.php" line="29" assertions="17" time="2.386571"/>
<testcase name="testEntityCreate" class="Drupal\Tests\par_data\Kernel\Entity\EntityParPersonTest" file="/var/www/html/web/modules/custom/par_data/tests/src/Kernel/Entity/EntityParPersonTest.php" line="57" assertions="15" time="2.242970"/>
</testsuite>
<testsuite name="Drupal\Tests\par_flows\Unit\ParBaseFormTest" file="/var/www/html/web/modules/custom/par_flows/tests/src/Unit/ParBaseFormTest.php" tests="3" assertions="6" failures="0" errors="0" time="0.012976">
<testcase name="testGetFormKey" class="Drupal\Tests\par_flows\Unit\ParBaseFormTest" file="/var/www/html/web/modules/custom/par_flows/tests/src/Unit/ParBaseFormTest.php" line="85" assertions="2" time="0.011404"/>
<testcase name="testCleanseFormDefaults" class="Drupal\Tests\par_flows\Unit\ParBaseFormTest" file="/var/www/html/web/modules/custom/par_flows/tests/src/Unit/ParBaseFormTest.php" line="99" assertions="1" time="0.000834"/>
<testcase name="testdecideBooleanValue" class="Drupal\Tests\par_flows\Unit\ParBaseFormTest" file="/var/www/html/web/modules/custom/par_flows/tests/src/Unit/ParBaseFormTest.php" line="119" assertions="3" time="0.000738"/>
</testsuite>
<testsuite name="Drupal\Tests\par_flows\Unit\ParFlowEntityTest" file="/var/www/html/web/modules/custom/par_flows/tests/src/Unit/ParFormFlowEntityTest.php" tests="6" assertions="14" failures="0" errors="0" time="0.005643">
<testcase name="testGetAllSteps" class="Drupal\Tests\par_flows\Unit\ParFlowEntityTest" file="/var/www/html/web/modules/custom/par_flows/tests/src/Unit/ParFormFlowEntityTest.php" line="64" assertions="2" time="0.002535"/>
<testcase name="testGetFirstStep" class="Drupal\Tests\par_flows\Unit\ParFlowEntityTest" file="/var/www/html/web/modules/custom/par_flows/tests/src/Unit/ParFormFlowEntityTest.php" line="71" assertions="3" time="0.000624"/>
<testcase name="testNonExistentStep" class="Drupal\Tests\par_flows\Unit\ParFlowEntityTest" file="/var/www/html/web/modules/custom/par_flows/tests/src/Unit/ParFormFlowEntityTest.php" line="82" assertions="2" time="0.000670"/>
<testcase name="testStepByFormId" class="Drupal\Tests\par_flows\Unit\ParFlowEntityTest" file="/var/www/html/web/modules/custom/par_flows/tests/src/Unit/ParFormFlowEntityTest.php" line="92" assertions="2" time="0.000607"/>
<testcase name="testStepByRoute" class="Drupal\Tests\par_flows\Unit\ParFlowEntityTest" file="/var/www/html/web/modules/custom/par_flows/tests/src/Unit/ParFormFlowEntityTest.php" line="102" assertions="2" time="0.000598"/>
<testcase name="testGetFlowForms" class="Drupal\Tests\par_flows\Unit\ParFlowEntityTest" file="/var/www/html/web/modules/custom/par_flows/tests/src/Unit/ParFormFlowEntityTest.php" line="112" assertions="3" time="0.000609"/>
</testsuite>
</testsuite>
</testsuites>